2022-09-06 15:05:13.0581|ERROR|OfficeToPdf.Program|None of the specified endpoints were reachable
2022-09-06 15:05:47.6002|INFO|OfficeToPdf.Program|RabbitMQ连接成功。
2022-09-06 15:05:47.6227|INFO|OfficeToPdf.Program|RabbitMQ消息接收中...
2022-09-06 15:07:10.5959|INFO|OfficeToPdf.Program|RabbitMQ连接成功。
2022-09-06 15:07:10.6227|INFO|OfficeToPdf.Program|RabbitMQ消息接收中...
2022-09-06 15:13:03.6042|INFO|OfficeToPdf.Program|RabbitMQ连接成功。
2022-09-06 15:13:03.6271|INFO|OfficeToPdf.Program|RabbitMQ消息接收中...
2022-09-06 15:17:23.4903|INFO|OfficeToPdf.Program|RabbitMQ连接成功。
2022-09-06 15:17:23.5138|INFO|OfficeToPdf.Program|RabbitMQ消息接收中...
2022-09-06 15:18:00.1488|INFO|OfficeToPdf.Program|RabbitMQ连接成功。
2022-09-06 15:18:00.1757|INFO|OfficeToPdf.Program|RabbitMQ消息接收中...
2022-09-06 15:18:14.2019|INFO|OfficeToPdf.OfficeConverter|文件原路径：E:\office2pdf\OfficeToPdf\bin\Debug\netcoreapp3.1/files\6316f081e64e22b1d3b7d776.docx
2022-09-06 15:18:14.2019|INFO|OfficeToPdf.OfficeConverter|文件目标路径：E:\office2pdf\OfficeToPdf\bin\Debug\netcoreapp3.1/files\6316f081e64e22b1d3b7d776.pdf
2022-09-06 15:18:14.8386|INFO|OfficeToPdf.OfficeConverter|stream.length:66889
2022-09-06 15:18:14.8593|ERROR|OfficeToPdf.OfficeConverter|读取源文件到本地失败：Could not find a part of the path 'E:\office2pdf\OfficeToPdf\bin\Debug\netcoreapp3.1\files\6316f081e64e22b1d3b7d776.docx'.
2022-09-06 15:18:37.0277|INFO|OfficeToPdf.OfficeConverter|---------------没有找到目标路径------------------
2022-09-06 15:18:39.2291|INFO|OfficeToPdf.Program|接受文件信息：{"FileName":"test.docx","FileId":"6316f081e64e22b1d3b7d776","Md5":"9fc9427d73ffc5656792b7239b132eb6","Length":66889,"UploadDateTime":"2022-09-06T07:02:26.081Z"}
2022-09-06 15:18:39.4074|INFO|OfficeToPdf.OfficeConverter|文件原路径：E:\office2pdf\OfficeToPdf\bin\Debug\netcoreapp3.1/files\6316f081e64e22b1d3b7d776.docx
2022-09-06 15:18:39.4074|INFO|OfficeToPdf.OfficeConverter|文件目标路径：E:\office2pdf\OfficeToPdf\bin\Debug\netcoreapp3.1/files\6316f081e64e22b1d3b7d776.pdf
2022-09-06 15:18:39.9793|INFO|OfficeToPdf.OfficeConverter|stream.length:66889
2022-09-06 15:18:39.9963|ERROR|OfficeToPdf.OfficeConverter|读取源文件到本地失败：Could not find a part of the path 'E:\office2pdf\OfficeToPdf\bin\Debug\netcoreapp3.1\files\6316f081e64e22b1d3b7d776.docx'.
2022-09-06 15:18:40.8509|INFO|OfficeToPdf.OfficeConverter|---------------没有找到目标路径------------------
2022-09-06 15:18:40.8509|INFO|OfficeToPdf.Program|接受文件信息：{"FileName":"test.docx","FileId":"6316f081e64e22b1d3b7d776","Md5":"9fc9427d73ffc5656792b7239b132eb6","Length":66889,"UploadDateTime":"2022-09-06T07:02:26.081Z"}
2022-09-06 15:18:41.3686|INFO|OfficeToPdf.OfficeConverter|文件原路径：E:\office2pdf\OfficeToPdf\bin\Debug\netcoreapp3.1/files\6316f081e64e22b1d3b7d776.docx
2022-09-06 15:18:41.3686|INFO|OfficeToPdf.OfficeConverter|文件目标路径：E:\office2pdf\OfficeToPdf\bin\Debug\netcoreapp3.1/files\6316f081e64e22b1d3b7d776.pdf
2022-09-06 15:18:41.9240|INFO|OfficeToPdf.OfficeConverter|stream.length:66889
2022-09-06 15:18:41.9440|ERROR|OfficeToPdf.OfficeConverter|读取源文件到本地失败：Could not find a part of the path 'E:\office2pdf\OfficeToPdf\bin\Debug\netcoreapp3.1\files\6316f081e64e22b1d3b7d776.docx'.
2022-09-06 15:18:42.6714|INFO|OfficeToPdf.OfficeConverter|---------------没有找到目标路径------------------
2022-09-06 15:18:42.6734|INFO|OfficeToPdf.Program|接受文件信息：{"FileName":"test.docx","FileId":"6316f081e64e22b1d3b7d776","Md5":"9fc9427d73ffc5656792b7239b132eb6","Length":66889,"UploadDateTime":"2022-09-06T07:02:26.081Z"}
2022-09-06 15:18:43.3801|INFO|OfficeToPdf.OfficeConverter|文件原路径：E:\office2pdf\OfficeToPdf\bin\Debug\netcoreapp3.1/files\6316f081e64e22b1d3b7d776.docx
2022-09-06 15:18:43.3801|INFO|OfficeToPdf.OfficeConverter|文件目标路径：E:\office2pdf\OfficeToPdf\bin\Debug\netcoreapp3.1/files\6316f081e64e22b1d3b7d776.pdf
2022-09-06 15:18:43.9469|INFO|OfficeToPdf.OfficeConverter|stream.length:66889
2022-09-06 15:18:43.9636|ERROR|OfficeToPdf.OfficeConverter|读取源文件到本地失败：Could not find a part of the path 'E:\office2pdf\OfficeToPdf\bin\Debug\netcoreapp3.1\files\6316f081e64e22b1d3b7d776.docx'.
2022-09-06 15:18:44.6868|INFO|OfficeToPdf.OfficeConverter|---------------没有找到目标路径------------------
2022-09-06 15:18:44.6886|INFO|OfficeToPdf.Program|接受文件信息：{"FileName":"test.docx","FileId":"6316f081e64e22b1d3b7d776","Md5":"9fc9427d73ffc5656792b7239b132eb6","Length":66889,"UploadDateTime":"2022-09-06T07:02:26.081Z"}
2022-09-06 15:18:45.3202|INFO|OfficeToPdf.OfficeConverter|文件原路径：E:\office2pdf\OfficeToPdf\bin\Debug\netcoreapp3.1/files\6316f081e64e22b1d3b7d776.docx
2022-09-06 15:18:45.3202|INFO|OfficeToPdf.OfficeConverter|文件目标路径：E:\office2pdf\OfficeToPdf\bin\Debug\netcoreapp3.1/files\6316f081e64e22b1d3b7d776.pdf
2022-09-06 15:18:45.8923|INFO|OfficeToPdf.OfficeConverter|stream.length:66889
2022-09-06 15:18:45.9092|ERROR|OfficeToPdf.OfficeConverter|读取源文件到本地失败：Could not find a part of the path 'E:\office2pdf\OfficeToPdf\bin\Debug\netcoreapp3.1\files\6316f081e64e22b1d3b7d776.docx'.
2022-09-06 15:18:46.5931|INFO|OfficeToPdf.OfficeConverter|---------------没有找到目标路径------------------
2022-09-06 15:18:46.5931|INFO|OfficeToPdf.Program|接受文件信息：{"FileName":"test.docx","FileId":"6316f081e64e22b1d3b7d776","Md5":"9fc9427d73ffc5656792b7239b132eb6","Length":66889,"UploadDateTime":"2022-09-06T07:02:26.081Z"}
2022-09-06 15:18:47.1050|INFO|OfficeToPdf.OfficeConverter|文件原路径：E:\office2pdf\OfficeToPdf\bin\Debug\netcoreapp3.1/files\6316f081e64e22b1d3b7d776.docx
2022-09-06 15:18:47.1050|INFO|OfficeToPdf.OfficeConverter|文件目标路径：E:\office2pdf\OfficeToPdf\bin\Debug\netcoreapp3.1/files\6316f081e64e22b1d3b7d776.pdf
2022-09-06 15:18:47.7192|INFO|OfficeToPdf.OfficeConverter|stream.length:66889
2022-09-06 15:18:47.7415|ERROR|OfficeToPdf.OfficeConverter|读取源文件到本地失败：Could not find a part of the path 'E:\office2pdf\OfficeToPdf\bin\Debug\netcoreapp3.1\files\6316f081e64e22b1d3b7d776.docx'.
2022-09-06 15:18:48.2872|INFO|OfficeToPdf.OfficeConverter|---------------没有找到目标路径------------------
2022-09-06 15:18:48.2872|INFO|OfficeToPdf.Program|接受文件信息：{"FileName":"test.docx","FileId":"6316f081e64e22b1d3b7d776","Md5":"9fc9427d73ffc5656792b7239b132eb6","Length":66889,"UploadDateTime":"2022-09-06T07:02:26.081Z"}
2022-09-06 15:18:48.7619|INFO|OfficeToPdf.OfficeConverter|文件原路径：E:\office2pdf\OfficeToPdf\bin\Debug\netcoreapp3.1/files\6316f081e64e22b1d3b7d776.docx
2022-09-06 15:18:48.7619|INFO|OfficeToPdf.OfficeConverter|文件目标路径：E:\office2pdf\OfficeToPdf\bin\Debug\netcoreapp3.1/files\6316f081e64e22b1d3b7d776.pdf
2022-09-06 15:18:49.3448|INFO|OfficeToPdf.OfficeConverter|stream.length:66889
2022-09-06 15:18:49.3645|ERROR|OfficeToPdf.OfficeConverter|读取源文件到本地失败：Could not find a part of the path 'E:\office2pdf\OfficeToPdf\bin\Debug\netcoreapp3.1\files\6316f081e64e22b1d3b7d776.docx'.
2022-09-06 15:18:50.0255|INFO|OfficeToPdf.OfficeConverter|---------------没有找到目标路径------------------
2022-09-06 15:18:50.0255|INFO|OfficeToPdf.Program|接受文件信息：{"FileName":"test.docx","FileId":"6316f081e64e22b1d3b7d776","Md5":"9fc9427d73ffc5656792b7239b132eb6","Length":66889,"UploadDateTime":"2022-09-06T07:02:26.081Z"}
2022-09-06 15:18:50.4793|INFO|OfficeToPdf.OfficeConverter|文件原路径：E:\office2pdf\OfficeToPdf\bin\Debug\netcoreapp3.1/files\6316f081e64e22b1d3b7d776.docx
2022-09-06 15:18:50.4793|INFO|OfficeToPdf.OfficeConverter|文件目标路径：E:\office2pdf\OfficeToPdf\bin\Debug\netcoreapp3.1/files\6316f081e64e22b1d3b7d776.pdf
2022-09-06 15:18:51.0278|INFO|OfficeToPdf.OfficeConverter|stream.length:66889
2022-09-06 15:18:51.0439|ERROR|OfficeToPdf.OfficeConverter|读取源文件到本地失败：Could not find a part of the path 'E:\office2pdf\OfficeToPdf\bin\Debug\netcoreapp3.1\files\6316f081e64e22b1d3b7d776.docx'.
2022-09-06 15:19:28.1719|INFO|OfficeToPdf.Program|RabbitMQ连接成功。
2022-09-06 15:19:28.1996|INFO|OfficeToPdf.Program|RabbitMQ消息接收中...
2022-09-06 15:19:31.3507|INFO|OfficeToPdf.OfficeConverter|文件原路径：E:\office2pdf\OfficeToPdf\bin\Debug\netcoreapp3.1\files\6316f081e64e22b1d3b7d776.docx
2022-09-06 15:19:31.3507|INFO|OfficeToPdf.OfficeConverter|文件目标路径：E:\office2pdf\OfficeToPdf\bin\Debug\netcoreapp3.1\files\6316f081e64e22b1d3b7d776.pdf
2022-09-06 15:19:31.9100|INFO|OfficeToPdf.OfficeConverter|stream.length:66889
2022-09-06 15:19:31.9317|ERROR|OfficeToPdf.OfficeConverter|读取源文件到本地失败：Could not find a part of the path 'E:\office2pdf\OfficeToPdf\bin\Debug\netcoreapp3.1\files\6316f081e64e22b1d3b7d776.docx'.
2022-09-06 15:19:34.4306|INFO|OfficeToPdf.OfficeConverter|---------------没有找到目标路径------------------
2022-09-06 15:19:36.0301|INFO|OfficeToPdf.Program|接受文件信息：{"FileName":"test.docx","FileId":"6316f081e64e22b1d3b7d776","Md5":"9fc9427d73ffc5656792b7239b132eb6","Length":66889,"UploadDateTime":"2022-09-06T07:02:26.081Z"}
2022-09-06 15:19:36.2457|INFO|OfficeToPdf.OfficeConverter|文件原路径：E:\office2pdf\OfficeToPdf\bin\Debug\netcoreapp3.1\files\6316f081e64e22b1d3b7d776.docx
2022-09-06 15:19:36.2457|INFO|OfficeToPdf.OfficeConverter|文件目标路径：E:\office2pdf\OfficeToPdf\bin\Debug\netcoreapp3.1\files\6316f081e64e22b1d3b7d776.pdf
2022-09-06 15:19:36.8157|INFO|OfficeToPdf.OfficeConverter|stream.length:66889
2022-09-06 15:19:36.8301|ERROR|OfficeToPdf.OfficeConverter|读取源文件到本地失败：Could not find a part of the path 'E:\office2pdf\OfficeToPdf\bin\Debug\netcoreapp3.1\files\6316f081e64e22b1d3b7d776.docx'.
2022-09-06 15:19:37.4397|INFO|OfficeToPdf.OfficeConverter|---------------没有找到目标路径------------------
2022-09-06 15:19:37.4397|INFO|OfficeToPdf.Program|接受文件信息：{"FileName":"test.docx","FileId":"6316f081e64e22b1d3b7d776","Md5":"9fc9427d73ffc5656792b7239b132eb6","Length":66889,"UploadDateTime":"2022-09-06T07:02:26.081Z"}
2022-09-06 15:19:37.6459|INFO|OfficeToPdf.OfficeConverter|文件原路径：E:\office2pdf\OfficeToPdf\bin\Debug\netcoreapp3.1\files\6316f081e64e22b1d3b7d776.docx
2022-09-06 15:19:37.6459|INFO|OfficeToPdf.OfficeConverter|文件目标路径：E:\office2pdf\OfficeToPdf\bin\Debug\netcoreapp3.1\files\6316f081e64e22b1d3b7d776.pdf
2022-09-06 15:19:38.2336|INFO|OfficeToPdf.OfficeConverter|stream.length:66889
2022-09-06 15:19:38.2515|ERROR|OfficeToPdf.OfficeConverter|读取源文件到本地失败：Could not find a part of the path 'E:\office2pdf\OfficeToPdf\bin\Debug\netcoreapp3.1\files\6316f081e64e22b1d3b7d776.docx'.
2022-09-06 15:19:38.8635|INFO|OfficeToPdf.OfficeConverter|---------------没有找到目标路径------------------
2022-09-06 15:19:38.8635|INFO|OfficeToPdf.Program|接受文件信息：{"FileName":"test.docx","FileId":"6316f081e64e22b1d3b7d776","Md5":"9fc9427d73ffc5656792b7239b132eb6","Length":66889,"UploadDateTime":"2022-09-06T07:02:26.081Z"}
2022-09-06 15:19:39.2884|INFO|OfficeToPdf.OfficeConverter|文件原路径：E:\office2pdf\OfficeToPdf\bin\Debug\netcoreapp3.1\files\6316f081e64e22b1d3b7d776.docx
2022-09-06 15:19:39.2884|INFO|OfficeToPdf.OfficeConverter|文件目标路径：E:\office2pdf\OfficeToPdf\bin\Debug\netcoreapp3.1\files\6316f081e64e22b1d3b7d776.pdf
2022-09-06 15:19:39.8554|INFO|OfficeToPdf.OfficeConverter|stream.length:66889
2022-09-06 15:19:39.8713|ERROR|OfficeToPdf.OfficeConverter|读取源文件到本地失败：Could not find a part of the path 'E:\office2pdf\OfficeToPdf\bin\Debug\netcoreapp3.1\files\6316f081e64e22b1d3b7d776.docx'.
2022-09-06 15:19:42.4645|INFO|OfficeToPdf.OfficeConverter|---------------没有找到目标路径------------------
2022-09-06 15:19:42.4645|INFO|OfficeToPdf.Program|接受文件信息：{"FileName":"test.docx","FileId":"6316f081e64e22b1d3b7d776","Md5":"9fc9427d73ffc5656792b7239b132eb6","Length":66889,"UploadDateTime":"2022-09-06T07:02:26.081Z"}
2022-09-06 15:19:46.7744|INFO|OfficeToPdf.OfficeConverter|文件原路径：E:\office2pdf\OfficeToPdf\bin\Debug\netcoreapp3.1\files\6316f081e64e22b1d3b7d776.docx
2022-09-06 15:19:46.7744|INFO|OfficeToPdf.OfficeConverter|文件目标路径：E:\office2pdf\OfficeToPdf\bin\Debug\netcoreapp3.1\files\6316f081e64e22b1d3b7d776.pdf
2022-09-06 15:19:47.3441|INFO|OfficeToPdf.OfficeConverter|stream.length:66889
2022-09-06 15:19:47.3614|ERROR|OfficeToPdf.OfficeConverter|读取源文件到本地失败：Could not find a part of the path 'E:\office2pdf\OfficeToPdf\bin\Debug\netcoreapp3.1\files\6316f081e64e22b1d3b7d776.docx'.
2022-09-06 15:19:47.3614|INFO|OfficeToPdf.OfficeConverter|---------------没有找到目标路径------------------
2022-09-06 15:19:47.3614|INFO|OfficeToPdf.Program|接受文件信息：{"FileName":"test.docx","FileId":"6316f081e64e22b1d3b7d776","Md5":"9fc9427d73ffc5656792b7239b132eb6","Length":66889,"UploadDateTime":"2022-09-06T07:02:26.081Z"}
2022-09-06 15:19:47.4068|INFO|OfficeToPdf.OfficeConverter|文件原路径：E:\office2pdf\OfficeToPdf\bin\Debug\netcoreapp3.1\files\6316f081e64e22b1d3b7d776.docx
2022-09-06 15:19:47.4079|INFO|OfficeToPdf.OfficeConverter|文件目标路径：E:\office2pdf\OfficeToPdf\bin\Debug\netcoreapp3.1\files\6316f081e64e22b1d3b7d776.pdf
2022-09-06 15:19:48.0353|INFO|OfficeToPdf.OfficeConverter|stream.length:66889
2022-09-06 15:19:48.0495|ERROR|OfficeToPdf.OfficeConverter|读取源文件到本地失败：Could not find a part of the path 'E:\office2pdf\OfficeToPdf\bin\Debug\netcoreapp3.1\files\6316f081e64e22b1d3b7d776.docx'.
2022-09-06 15:19:48.0495|INFO|OfficeToPdf.OfficeConverter|---------------没有找到目标路径------------------
2022-09-06 15:19:48.0495|INFO|OfficeToPdf.Program|接受文件信息：{"FileName":"test.docx","FileId":"6316f081e64e22b1d3b7d776","Md5":"9fc9427d73ffc5656792b7239b132eb6","Length":66889,"UploadDateTime":"2022-09-06T07:02:26.081Z"}
2022-09-06 15:19:48.0973|INFO|OfficeToPdf.OfficeConverter|文件原路径：E:\office2pdf\OfficeToPdf\bin\Debug\netcoreapp3.1\files\6316f081e64e22b1d3b7d776.docx
2022-09-06 15:19:48.0973|INFO|OfficeToPdf.OfficeConverter|文件目标路径：E:\office2pdf\OfficeToPdf\bin\Debug\netcoreapp3.1\files\6316f081e64e22b1d3b7d776.pdf
2022-09-06 15:19:48.6758|INFO|OfficeToPdf.OfficeConverter|stream.length:66889
2022-09-06 15:19:48.6987|ERROR|OfficeToPdf.OfficeConverter|读取源文件到本地失败：Could not find a part of the path 'E:\office2pdf\OfficeToPdf\bin\Debug\netcoreapp3.1\files\6316f081e64e22b1d3b7d776.docx'.
2022-09-06 15:19:48.6987|INFO|OfficeToPdf.OfficeConverter|---------------没有找到目标路径------------------
2022-09-06 15:19:48.6987|INFO|OfficeToPdf.Program|接受文件信息：{"FileName":"test.docx","FileId":"6316f081e64e22b1d3b7d776","Md5":"9fc9427d73ffc5656792b7239b132eb6","Length":66889,"UploadDateTime":"2022-09-06T07:02:26.081Z"}
2022-09-06 15:19:48.7433|INFO|OfficeToPdf.OfficeConverter|文件原路径：E:\office2pdf\OfficeToPdf\bin\Debug\netcoreapp3.1\files\6316f081e64e22b1d3b7d776.docx
2022-09-06 15:19:48.7433|INFO|OfficeToPdf.OfficeConverter|文件目标路径：E:\office2pdf\OfficeToPdf\bin\Debug\netcoreapp3.1\files\6316f081e64e22b1d3b7d776.pdf
2022-09-06 15:19:49.2885|INFO|OfficeToPdf.OfficeConverter|stream.length:66889
2022-09-06 15:19:49.3054|ERROR|OfficeToPdf.OfficeConverter|读取源文件到本地失败：Could not find a part of the path 'E:\office2pdf\OfficeToPdf\bin\Debug\netcoreapp3.1\files\6316f081e64e22b1d3b7d776.docx'.
2022-09-06 15:19:49.3054|INFO|OfficeToPdf.OfficeConverter|---------------没有找到目标路径------------------
2022-09-06 15:19:49.3054|INFO|OfficeToPdf.Program|接受文件信息：{"FileName":"test.docx","FileId":"6316f081e64e22b1d3b7d776","Md5":"9fc9427d73ffc5656792b7239b132eb6","Length":66889,"UploadDateTime":"2022-09-06T07:02:26.081Z"}
2022-09-06 15:19:49.3516|INFO|OfficeToPdf.OfficeConverter|文件原路径：E:\office2pdf\OfficeToPdf\bin\Debug\netcoreapp3.1\files\6316f081e64e22b1d3b7d776.docx
2022-09-06 15:19:49.3516|INFO|OfficeToPdf.OfficeConverter|文件目标路径：E:\office2pdf\OfficeToPdf\bin\Debug\netcoreapp3.1\files\6316f081e64e22b1d3b7d776.pdf
2022-09-06 15:19:49.9131|INFO|OfficeToPdf.OfficeConverter|stream.length:66889
2022-09-06 15:19:49.9288|ERROR|OfficeToPdf.OfficeConverter|读取源文件到本地失败：Could not find a part of the path 'E:\office2pdf\OfficeToPdf\bin\Debug\netcoreapp3.1\files\6316f081e64e22b1d3b7d776.docx'.
2022-09-06 15:19:49.9288|INFO|OfficeToPdf.OfficeConverter|---------------没有找到目标路径------------------
2022-09-06 15:19:49.9288|INFO|OfficeToPdf.Program|接受文件信息：{"FileName":"test.docx","FileId":"6316f081e64e22b1d3b7d776","Md5":"9fc9427d73ffc5656792b7239b132eb6","Length":66889,"UploadDateTime":"2022-09-06T07:02:26.081Z"}
2022-09-06 15:19:49.9728|INFO|OfficeToPdf.OfficeConverter|文件原路径：E:\office2pdf\OfficeToPdf\bin\Debug\netcoreapp3.1\files\6316f081e64e22b1d3b7d776.docx
2022-09-06 15:19:49.9728|INFO|OfficeToPdf.OfficeConverter|文件目标路径：E:\office2pdf\OfficeToPdf\bin\Debug\netcoreapp3.1\files\6316f081e64e22b1d3b7d776.pdf
2022-09-06 15:19:50.5645|INFO|OfficeToPdf.OfficeConverter|stream.length:66889
2022-09-06 15:19:50.5805|ERROR|OfficeToPdf.OfficeConverter|读取源文件到本地失败：Could not find a part of the path 'E:\office2pdf\OfficeToPdf\bin\Debug\netcoreapp3.1\files\6316f081e64e22b1d3b7d776.docx'.
2022-09-06 15:19:50.5805|INFO|OfficeToPdf.OfficeConverter|---------------没有找到目标路径------------------
2022-09-06 15:19:50.5805|INFO|OfficeToPdf.Program|接受文件信息：{"FileName":"test.docx","FileId":"6316f081e64e22b1d3b7d776","Md5":"9fc9427d73ffc5656792b7239b132eb6","Length":66889,"UploadDateTime":"2022-09-06T07:02:26.081Z"}
2022-09-06 15:19:50.6300|INFO|OfficeToPdf.OfficeConverter|文件原路径：E:\office2pdf\OfficeToPdf\bin\Debug\netcoreapp3.1\files\6316f081e64e22b1d3b7d776.docx
2022-09-06 15:19:50.6300|INFO|OfficeToPdf.OfficeConverter|文件目标路径：E:\office2pdf\OfficeToPdf\bin\Debug\netcoreapp3.1\files\6316f081e64e22b1d3b7d776.pdf
2022-09-06 15:19:51.1959|INFO|OfficeToPdf.OfficeConverter|stream.length:66889
2022-09-06 15:19:51.2184|ERROR|OfficeToPdf.OfficeConverter|读取源文件到本地失败：Could not find a part of the path 'E:\office2pdf\OfficeToPdf\bin\Debug\netcoreapp3.1\files\6316f081e64e22b1d3b7d776.docx'.
2022-09-06 15:19:51.2184|INFO|OfficeToPdf.OfficeConverter|---------------没有找到目标路径------------------
2022-09-06 15:19:51.2205|INFO|OfficeToPdf.Program|接受文件信息：{"FileName":"test.docx","FileId":"6316f081e64e22b1d3b7d776","Md5":"9fc9427d73ffc5656792b7239b132eb6","Length":66889,"UploadDateTime":"2022-09-06T07:02:26.081Z"}
2022-09-06 15:19:51.2632|INFO|OfficeToPdf.OfficeConverter|文件原路径：E:\office2pdf\OfficeToPdf\bin\Debug\netcoreapp3.1\files\6316f081e64e22b1d3b7d776.docx
2022-09-06 15:19:51.2632|INFO|OfficeToPdf.OfficeConverter|文件目标路径：E:\office2pdf\OfficeToPdf\bin\Debug\netcoreapp3.1\files\6316f081e64e22b1d3b7d776.pdf
2022-09-06 15:19:51.8243|INFO|OfficeToPdf.OfficeConverter|stream.length:66889
2022-09-06 15:19:51.8396|ERROR|OfficeToPdf.OfficeConverter|读取源文件到本地失败：Could not find a part of the path 'E:\office2pdf\OfficeToPdf\bin\Debug\netcoreapp3.1\files\6316f081e64e22b1d3b7d776.docx'.
2022-09-06 15:19:51.8396|INFO|OfficeToPdf.OfficeConverter|---------------没有找到目标路径------------------
2022-09-06 15:19:51.8396|INFO|OfficeToPdf.Program|接受文件信息：{"FileName":"test.docx","FileId":"6316f081e64e22b1d3b7d776","Md5":"9fc9427d73ffc5656792b7239b132eb6","Length":66889,"UploadDateTime":"2022-09-06T07:02:26.081Z"}
2022-09-06 15:19:51.8844|INFO|OfficeToPdf.OfficeConverter|文件原路径：E:\office2pdf\OfficeToPdf\bin\Debug\netcoreapp3.1\files\6316f081e64e22b1d3b7d776.docx
2022-09-06 15:19:51.8844|INFO|OfficeToPdf.OfficeConverter|文件目标路径：E:\office2pdf\OfficeToPdf\bin\Debug\netcoreapp3.1\files\6316f081e64e22b1d3b7d776.pdf
2022-09-06 15:19:52.4381|INFO|OfficeToPdf.OfficeConverter|stream.length:66889
2022-09-06 15:19:52.4554|ERROR|OfficeToPdf.OfficeConverter|读取源文件到本地失败：Could not find a part of the path 'E:\office2pdf\OfficeToPdf\bin\Debug\netcoreapp3.1\files\6316f081e64e22b1d3b7d776.docx'.
2022-09-06 15:19:52.4554|INFO|OfficeToPdf.OfficeConverter|---------------没有找到目标路径------------------
2022-09-06 15:19:52.4554|INFO|OfficeToPdf.Program|接受文件信息：{"FileName":"test.docx","FileId":"6316f081e64e22b1d3b7d776","Md5":"9fc9427d73ffc5656792b7239b132eb6","Length":66889,"UploadDateTime":"2022-09-06T07:02:26.081Z"}
2022-09-06 15:19:52.5010|INFO|OfficeToPdf.OfficeConverter|文件原路径：E:\office2pdf\OfficeToPdf\bin\Debug\netcoreapp3.1\files\6316f081e64e22b1d3b7d776.docx
2022-09-06 15:19:52.5010|INFO|OfficeToPdf.OfficeConverter|文件目标路径：E:\office2pdf\OfficeToPdf\bin\Debug\netcoreapp3.1\files\6316f081e64e22b1d3b7d776.pdf
2022-09-06 15:19:53.0686|INFO|OfficeToPdf.OfficeConverter|stream.length:66889
2022-09-06 15:19:53.0844|ERROR|OfficeToPdf.OfficeConverter|读取源文件到本地失败：Could not find a part of the path 'E:\office2pdf\OfficeToPdf\bin\Debug\netcoreapp3.1\files\6316f081e64e22b1d3b7d776.docx'.
2022-09-06 15:19:53.0844|INFO|OfficeToPdf.OfficeConverter|---------------没有找到目标路径------------------
2022-09-06 15:19:53.0844|INFO|OfficeToPdf.Program|接受文件信息：{"FileName":"test.docx","FileId":"6316f081e64e22b1d3b7d776","Md5":"9fc9427d73ffc5656792b7239b132eb6","Length":66889,"UploadDateTime":"2022-09-06T07:02:26.081Z"}
2022-09-06 15:19:53.1291|INFO|OfficeToPdf.OfficeConverter|文件原路径：E:\office2pdf\OfficeToPdf\bin\Debug\netcoreapp3.1\files\6316f081e64e22b1d3b7d776.docx
2022-09-06 15:19:53.1291|INFO|OfficeToPdf.OfficeConverter|文件目标路径：E:\office2pdf\OfficeToPdf\bin\Debug\netcoreapp3.1\files\6316f081e64e22b1d3b7d776.pdf
2022-09-06 15:19:53.7806|INFO|OfficeToPdf.OfficeConverter|stream.length:66889
2022-09-06 15:19:53.7981|ERROR|OfficeToPdf.OfficeConverter|读取源文件到本地失败：Could not find a part of the path 'E:\office2pdf\OfficeToPdf\bin\Debug\netcoreapp3.1\files\6316f081e64e22b1d3b7d776.docx'.
2022-09-06 15:19:53.7981|INFO|OfficeToPdf.OfficeConverter|---------------没有找到目标路径------------------
2022-09-06 15:19:53.7981|INFO|OfficeToPdf.Program|接受文件信息：{"FileName":"test.docx","FileId":"6316f081e64e22b1d3b7d776","Md5":"9fc9427d73ffc5656792b7239b132eb6","Length":66889,"UploadDateTime":"2022-09-06T07:02:26.081Z"}
2022-09-06 15:19:53.8416|INFO|OfficeToPdf.OfficeConverter|文件原路径：E:\office2pdf\OfficeToPdf\bin\Debug\netcoreapp3.1\files\6316f081e64e22b1d3b7d776.docx
2022-09-06 15:19:53.8416|INFO|OfficeToPdf.OfficeConverter|文件目标路径：E:\office2pdf\OfficeToPdf\bin\Debug\netcoreapp3.1\files\6316f081e64e22b1d3b7d776.pdf
2022-09-06 15:19:54.4345|INFO|OfficeToPdf.OfficeConverter|stream.length:66889
2022-09-06 15:19:54.4486|ERROR|OfficeToPdf.OfficeConverter|读取源文件到本地失败：Could not find a part of the path 'E:\office2pdf\OfficeToPdf\bin\Debug\netcoreapp3.1\files\6316f081e64e22b1d3b7d776.docx'.
2022-09-06 15:19:54.4486|INFO|OfficeToPdf.OfficeConverter|---------------没有找到目标路径------------------
2022-09-06 15:19:54.4486|INFO|OfficeToPdf.Program|接受文件信息：{"FileName":"test.docx","FileId":"6316f081e64e22b1d3b7d776","Md5":"9fc9427d73ffc5656792b7239b132eb6","Length":66889,"UploadDateTime":"2022-09-06T07:02:26.081Z"}
2022-09-06 15:19:54.4929|INFO|OfficeToPdf.OfficeConverter|文件原路径：E:\office2pdf\OfficeToPdf\bin\Debug\netcoreapp3.1\files\6316f081e64e22b1d3b7d776.docx
2022-09-06 15:19:54.4929|INFO|OfficeToPdf.OfficeConverter|文件目标路径：E:\office2pdf\OfficeToPdf\bin\Debug\netcoreapp3.1\files\6316f081e64e22b1d3b7d776.pdf
2022-09-06 15:19:55.0494|INFO|OfficeToPdf.OfficeConverter|stream.length:66889
2022-09-06 15:19:55.0650|ERROR|OfficeToPdf.OfficeConverter|读取源文件到本地失败：Could not find a part of the path 'E:\office2pdf\OfficeToPdf\bin\Debug\netcoreapp3.1\files\6316f081e64e22b1d3b7d776.docx'.
2022-09-06 15:19:55.0650|INFO|OfficeToPdf.OfficeConverter|---------------没有找到目标路径------------------
2022-09-06 15:19:55.0650|INFO|OfficeToPdf.Program|接受文件信息：{"FileName":"test.docx","FileId":"6316f081e64e22b1d3b7d776","Md5":"9fc9427d73ffc5656792b7239b132eb6","Length":66889,"UploadDateTime":"2022-09-06T07:02:26.081Z"}
2022-09-06 15:19:55.1085|INFO|OfficeToPdf.OfficeConverter|文件原路径：E:\office2pdf\OfficeToPdf\bin\Debug\netcoreapp3.1\files\6316f081e64e22b1d3b7d776.docx
2022-09-06 15:19:55.1085|INFO|OfficeToPdf.OfficeConverter|文件目标路径：E:\office2pdf\OfficeToPdf\bin\Debug\netcoreapp3.1\files\6316f081e64e22b1d3b7d776.pdf
2022-09-06 15:19:55.6676|INFO|OfficeToPdf.OfficeConverter|stream.length:66889
2022-09-06 15:19:55.6888|ERROR|OfficeToPdf.OfficeConverter|读取源文件到本地失败：Could not find a part of the path 'E:\office2pdf\OfficeToPdf\bin\Debug\netcoreapp3.1\files\6316f081e64e22b1d3b7d776.docx'.
2022-09-06 15:19:55.6899|INFO|OfficeToPdf.OfficeConverter|---------------没有找到目标路径------------------
2022-09-06 15:19:55.6899|INFO|OfficeToPdf.Program|接受文件信息：{"FileName":"test.docx","FileId":"6316f081e64e22b1d3b7d776","Md5":"9fc9427d73ffc5656792b7239b132eb6","Length":66889,"UploadDateTime":"2022-09-06T07:02:26.081Z"}
2022-09-06 15:19:55.7341|INFO|OfficeToPdf.OfficeConverter|文件原路径：E:\office2pdf\OfficeToPdf\bin\Debug\netcoreapp3.1\files\6316f081e64e22b1d3b7d776.docx
2022-09-06 15:19:55.7341|INFO|OfficeToPdf.OfficeConverter|文件目标路径：E:\office2pdf\OfficeToPdf\bin\Debug\netcoreapp3.1\files\6316f081e64e22b1d3b7d776.pdf
2022-09-06 15:19:56.3139|INFO|OfficeToPdf.OfficeConverter|stream.length:66889
2022-09-06 15:19:56.3139|ERROR|OfficeToPdf.OfficeConverter|读取源文件到本地失败：Could not find a part of the path 'E:\office2pdf\OfficeToPdf\bin\Debug\netcoreapp3.1\files\6316f081e64e22b1d3b7d776.docx'.
2022-09-06 15:19:56.3299|INFO|OfficeToPdf.OfficeConverter|---------------没有找到目标路径------------------
2022-09-06 15:19:56.3299|INFO|OfficeToPdf.Program|接受文件信息：{"FileName":"test.docx","FileId":"6316f081e64e22b1d3b7d776","Md5":"9fc9427d73ffc5656792b7239b132eb6","Length":66889,"UploadDateTime":"2022-09-06T07:02:26.081Z"}
2022-09-06 15:19:56.3722|INFO|OfficeToPdf.OfficeConverter|文件原路径：E:\office2pdf\OfficeToPdf\bin\Debug\netcoreapp3.1\files\6316f081e64e22b1d3b7d776.docx
2022-09-06 15:19:56.3722|INFO|OfficeToPdf.OfficeConverter|文件目标路径：E:\office2pdf\OfficeToPdf\bin\Debug\netcoreapp3.1\files\6316f081e64e22b1d3b7d776.pdf
2022-09-06 15:19:56.9853|INFO|OfficeToPdf.OfficeConverter|stream.length:66889
2022-09-06 15:19:57.0020|ERROR|OfficeToPdf.OfficeConverter|读取源文件到本地失败：Could not find a part of the path 'E:\office2pdf\OfficeToPdf\bin\Debug\netcoreapp3.1\files\6316f081e64e22b1d3b7d776.docx'.
2022-09-06 15:19:57.0020|INFO|OfficeToPdf.OfficeConverter|---------------没有找到目标路径------------------
2022-09-06 15:19:57.0020|INFO|OfficeToPdf.Program|接受文件信息：{"FileName":"test.docx","FileId":"6316f081e64e22b1d3b7d776","Md5":"9fc9427d73ffc5656792b7239b132eb6","Length":66889,"UploadDateTime":"2022-09-06T07:02:26.081Z"}
2022-09-06 15:19:57.0455|INFO|OfficeToPdf.OfficeConverter|文件原路径：E:\office2pdf\OfficeToPdf\bin\Debug\netcoreapp3.1\files\6316f081e64e22b1d3b7d776.docx
2022-09-06 15:19:57.0455|INFO|OfficeToPdf.OfficeConverter|文件目标路径：E:\office2pdf\OfficeToPdf\bin\Debug\netcoreapp3.1\files\6316f081e64e22b1d3b7d776.pdf
2022-09-06 15:19:57.6162|INFO|OfficeToPdf.OfficeConverter|stream.length:66889
2022-09-06 15:19:57.6338|ERROR|OfficeToPdf.OfficeConverter|读取源文件到本地失败：Could not find a part of the path 'E:\office2pdf\OfficeToPdf\bin\Debug\netcoreapp3.1\files\6316f081e64e22b1d3b7d776.docx'.
2022-09-06 15:19:57.6338|INFO|OfficeToPdf.OfficeConverter|---------------没有找到目标路径------------------
2022-09-06 15:19:57.6338|INFO|OfficeToPdf.Program|接受文件信息：{"FileName":"test.docx","FileId":"6316f081e64e22b1d3b7d776","Md5":"9fc9427d73ffc5656792b7239b132eb6","Length":66889,"UploadDateTime":"2022-09-06T07:02:26.081Z"}
2022-09-06 15:19:57.6808|INFO|OfficeToPdf.OfficeConverter|文件原路径：E:\office2pdf\OfficeToPdf\bin\Debug\netcoreapp3.1\files\6316f081e64e22b1d3b7d776.docx
2022-09-06 15:19:57.6808|INFO|OfficeToPdf.OfficeConverter|文件目标路径：E:\office2pdf\OfficeToPdf\bin\Debug\netcoreapp3.1\files\6316f081e64e22b1d3b7d776.pdf
2022-09-06 15:19:58.2516|INFO|OfficeToPdf.OfficeConverter|stream.length:66889
2022-09-06 15:19:58.2675|ERROR|OfficeToPdf.OfficeConverter|读取源文件到本地失败：Could not find a part of the path 'E:\office2pdf\OfficeToPdf\bin\Debug\netcoreapp3.1\files\6316f081e64e22b1d3b7d776.docx'.
2022-09-06 15:19:58.2675|INFO|OfficeToPdf.OfficeConverter|---------------没有找到目标路径------------------
2022-09-06 15:19:58.2675|INFO|OfficeToPdf.Program|接受文件信息：{"FileName":"test.docx","FileId":"6316f081e64e22b1d3b7d776","Md5":"9fc9427d73ffc5656792b7239b132eb6","Length":66889,"UploadDateTime":"2022-09-06T07:02:26.081Z"}
2022-09-06 15:19:58.3177|INFO|OfficeToPdf.OfficeConverter|文件原路径：E:\office2pdf\OfficeToPdf\bin\Debug\netcoreapp3.1\files\6316f081e64e22b1d3b7d776.docx
2022-09-06 15:19:58.3177|INFO|OfficeToPdf.OfficeConverter|文件目标路径：E:\office2pdf\OfficeToPdf\bin\Debug\netcoreapp3.1\files\6316f081e64e22b1d3b7d776.pdf
2022-09-06 15:19:58.8867|INFO|OfficeToPdf.OfficeConverter|stream.length:66889
2022-09-06 15:19:58.9036|ERROR|OfficeToPdf.OfficeConverter|读取源文件到本地失败：Could not find a part of the path 'E:\office2pdf\OfficeToPdf\bin\Debug\netcoreapp3.1\files\6316f081e64e22b1d3b7d776.docx'.
2022-09-06 15:19:58.9036|INFO|OfficeToPdf.OfficeConverter|---------------没有找到目标路径------------------
2022-09-06 15:19:58.9036|INFO|OfficeToPdf.Program|接受文件信息：{"FileName":"test.docx","FileId":"6316f081e64e22b1d3b7d776","Md5":"9fc9427d73ffc5656792b7239b132eb6","Length":66889,"UploadDateTime":"2022-09-06T07:02:26.081Z"}
2022-09-06 15:19:58.9480|INFO|OfficeToPdf.OfficeConverter|文件原路径：E:\office2pdf\OfficeToPdf\bin\Debug\netcoreapp3.1\files\6316f081e64e22b1d3b7d776.docx
2022-09-06 15:19:58.9480|INFO|OfficeToPdf.OfficeConverter|文件目标路径：E:\office2pdf\OfficeToPdf\bin\Debug\netcoreapp3.1\files\6316f081e64e22b1d3b7d776.pdf
2022-09-06 15:19:59.5284|INFO|OfficeToPdf.OfficeConverter|stream.length:66889
2022-09-06 15:19:59.5438|ERROR|OfficeToPdf.OfficeConverter|读取源文件到本地失败：Could not find a part of the path 'E:\office2pdf\OfficeToPdf\bin\Debug\netcoreapp3.1\files\6316f081e64e22b1d3b7d776.docx'.
2022-09-06 15:19:59.5438|INFO|OfficeToPdf.OfficeConverter|---------------没有找到目标路径------------------
2022-09-06 15:19:59.5438|INFO|OfficeToPdf.Program|接受文件信息：{"FileName":"test.docx","FileId":"6316f081e64e22b1d3b7d776","Md5":"9fc9427d73ffc5656792b7239b132eb6","Length":66889,"UploadDateTime":"2022-09-06T07:02:26.081Z"}
2022-09-06 15:19:59.5877|INFO|OfficeToPdf.OfficeConverter|文件原路径：E:\office2pdf\OfficeToPdf\bin\Debug\netcoreapp3.1\files\6316f081e64e22b1d3b7d776.docx
2022-09-06 15:19:59.5877|INFO|OfficeToPdf.OfficeConverter|文件目标路径：E:\office2pdf\OfficeToPdf\bin\Debug\netcoreapp3.1\files\6316f081e64e22b1d3b7d776.pdf
2022-09-06 15:20:00.1786|INFO|OfficeToPdf.OfficeConverter|stream.length:66889
2022-09-06 15:20:00.1971|ERROR|OfficeToPdf.OfficeConverter|读取源文件到本地失败：Could not find a part of the path 'E:\office2pdf\OfficeToPdf\bin\Debug\netcoreapp3.1\files\6316f081e64e22b1d3b7d776.docx'.
2022-09-06 15:20:00.1971|INFO|OfficeToPdf.OfficeConverter|---------------没有找到目标路径------------------
2022-09-06 15:20:00.1971|INFO|OfficeToPdf.Program|接受文件信息：{"FileName":"test.docx","FileId":"6316f081e64e22b1d3b7d776","Md5":"9fc9427d73ffc5656792b7239b132eb6","Length":66889,"UploadDateTime":"2022-09-06T07:02:26.081Z"}
2022-09-06 15:20:00.2415|INFO|OfficeToPdf.OfficeConverter|文件原路径：E:\office2pdf\OfficeToPdf\bin\Debug\netcoreapp3.1\files\6316f081e64e22b1d3b7d776.docx
2022-09-06 15:20:00.2415|INFO|OfficeToPdf.OfficeConverter|文件目标路径：E:\office2pdf\OfficeToPdf\bin\Debug\netcoreapp3.1\files\6316f081e64e22b1d3b7d776.pdf
2022-09-06 15:20:00.8111|INFO|OfficeToPdf.OfficeConverter|stream.length:66889
2022-09-06 15:20:00.8271|ERROR|OfficeToPdf.OfficeConverter|读取源文件到本地失败：Could not find a part of the path 'E:\office2pdf\OfficeToPdf\bin\Debug\netcoreapp3.1\files\6316f081e64e22b1d3b7d776.docx'.
2022-09-06 15:20:00.8271|INFO|OfficeToPdf.OfficeConverter|---------------没有找到目标路径------------------
2022-09-06 15:20:00.8307|INFO|OfficeToPdf.Program|接受文件信息：{"FileName":"test.docx","FileId":"6316f081e64e22b1d3b7d776","Md5":"9fc9427d73ffc5656792b7239b132eb6","Length":66889,"UploadDateTime":"2022-09-06T07:02:26.081Z"}
2022-09-06 15:20:00.8727|INFO|OfficeToPdf.OfficeConverter|文件原路径：E:\office2pdf\OfficeToPdf\bin\Debug\netcoreapp3.1\files\6316f081e64e22b1d3b7d776.docx
2022-09-06 15:20:00.8727|INFO|OfficeToPdf.OfficeConverter|文件目标路径：E:\office2pdf\OfficeToPdf\bin\Debug\netcoreapp3.1\files\6316f081e64e22b1d3b7d776.pdf
2022-09-06 15:20:01.4206|INFO|OfficeToPdf.OfficeConverter|stream.length:66889
2022-09-06 15:20:01.4352|ERROR|OfficeToPdf.OfficeConverter|读取源文件到本地失败：Could not find a part of the path 'E:\office2pdf\OfficeToPdf\bin\Debug\netcoreapp3.1\files\6316f081e64e22b1d3b7d776.docx'.
2022-09-06 15:20:01.4352|INFO|OfficeToPdf.OfficeConverter|---------------没有找到目标路径------------------
2022-09-06 15:20:01.4352|INFO|OfficeToPdf.Program|接受文件信息：{"FileName":"test.docx","FileId":"6316f081e64e22b1d3b7d776","Md5":"9fc9427d73ffc5656792b7239b132eb6","Length":66889,"UploadDateTime":"2022-09-06T07:02:26.081Z"}
2022-09-06 15:20:01.4802|INFO|OfficeToPdf.OfficeConverter|文件原路径：E:\office2pdf\OfficeToPdf\bin\Debug\netcoreapp3.1\files\6316f081e64e22b1d3b7d776.docx
2022-09-06 15:20:01.4802|INFO|OfficeToPdf.OfficeConverter|文件目标路径：E:\office2pdf\OfficeToPdf\bin\Debug\netcoreapp3.1\files\6316f081e64e22b1d3b7d776.pdf
2022-09-06 15:20:02.0499|INFO|OfficeToPdf.OfficeConverter|stream.length:66889
2022-09-06 15:20:02.0668|ERROR|OfficeToPdf.OfficeConverter|读取源文件到本地失败：Could not find a part of the path 'E:\office2pdf\OfficeToPdf\bin\Debug\netcoreapp3.1\files\6316f081e64e22b1d3b7d776.docx'.
2022-09-06 15:20:02.0668|INFO|OfficeToPdf.OfficeConverter|---------------没有找到目标路径------------------
2022-09-06 15:20:02.0668|INFO|OfficeToPdf.Program|接受文件信息：{"FileName":"test.docx","FileId":"6316f081e64e22b1d3b7d776","Md5":"9fc9427d73ffc5656792b7239b132eb6","Length":66889,"UploadDateTime":"2022-09-06T07:02:26.081Z"}
2022-09-06 15:20:02.1085|INFO|OfficeToPdf.OfficeConverter|文件原路径：E:\office2pdf\OfficeToPdf\bin\Debug\netcoreapp3.1\files\6316f081e64e22b1d3b7d776.docx
2022-09-06 15:20:02.1085|INFO|OfficeToPdf.OfficeConverter|文件目标路径：E:\office2pdf\OfficeToPdf\bin\Debug\netcoreapp3.1\files\6316f081e64e22b1d3b7d776.pdf
2022-09-06 18:31:29.9300|INFO|OfficeToPdf.Program|RabbitMQ连接成功。
2022-09-06 18:31:30.0200|INFO|OfficeToPdf.Program|RabbitMQ消息接收中...
2022-09-06 18:31:30.9212|INFO|OfficeToPdf.OfficeConverter|文件原路径：E:\office2pdf\OfficeToPdf\bin\Debug\netcoreapp3.1\files\6316f081e64e22b1d3b7d776.docx
2022-09-06 18:31:30.9212|INFO|OfficeToPdf.OfficeConverter|文件目标路径：E:\office2pdf\OfficeToPdf\bin\Debug\netcoreapp3.1\files\6316f081e64e22b1d3b7d776.pdf
2022-09-06 18:31:31.5634|INFO|OfficeToPdf.OfficeConverter|stream.length:66889
2022-09-06 18:31:31.5870|ERROR|OfficeToPdf.OfficeConverter|读取源文件到本地失败：Could not find a part of the path 'E:\office2pdf\OfficeToPdf\bin\Debug\netcoreapp3.1\files\6316f081e64e22b1d3b7d776.docx'.
2022-09-06 18:31:31.5870|INFO|OfficeToPdf.OfficeConverter|---------------没有找到目标路径------------------
2022-09-06 18:31:31.6173|INFO|OfficeToPdf.Program|接受文件信息：{"FileName":"test.docx","FileId":"6316f081e64e22b1d3b7d776","Md5":"9fc9427d73ffc5656792b7239b132eb6","Length":66889,"UploadDateTime":"2022-09-06T07:02:26.081Z"}
2022-09-06 18:31:31.6599|INFO|OfficeToPdf.OfficeConverter|文件原路径：E:\office2pdf\OfficeToPdf\bin\Debug\netcoreapp3.1\files\6316f081e64e22b1d3b7d776.docx
2022-09-06 18:31:31.6599|INFO|OfficeToPdf.OfficeConverter|文件目标路径：E:\office2pdf\OfficeToPdf\bin\Debug\netcoreapp3.1\files\6316f081e64e22b1d3b7d776.pdf
2022-09-06 18:31:32.2047|INFO|OfficeToPdf.OfficeConverter|stream.length:66889
2022-09-06 18:31:32.2218|ERROR|OfficeToPdf.OfficeConverter|读取源文件到本地失败：Could not find a part of the path 'E:\office2pdf\OfficeToPdf\bin\Debug\netcoreapp3.1\files\6316f081e64e22b1d3b7d776.docx'.
2022-09-06 18:31:32.2218|INFO|OfficeToPdf.OfficeConverter|---------------没有找到目标路径------------------
2022-09-06 18:31:32.2218|INFO|OfficeToPdf.Program|接受文件信息：{"FileName":"test.docx","FileId":"6316f081e64e22b1d3b7d776","Md5":"9fc9427d73ffc5656792b7239b132eb6","Length":66889,"UploadDateTime":"2022-09-06T07:02:26.081Z"}
2022-09-06 18:31:32.2676|INFO|OfficeToPdf.OfficeConverter|文件原路径：E:\office2pdf\OfficeToPdf\bin\Debug\netcoreapp3.1\files\6316f081e64e22b1d3b7d776.docx
2022-09-06 18:31:32.2676|INFO|OfficeToPdf.OfficeConverter|文件目标路径：E:\office2pdf\OfficeToPdf\bin\Debug\netcoreapp3.1\files\6316f081e64e22b1d3b7d776.pdf
2022-09-06 18:31:32.8276|INFO|OfficeToPdf.OfficeConverter|stream.length:66889
2022-09-06 18:31:32.8443|ERROR|OfficeToPdf.OfficeConverter|读取源文件到本地失败：Could not find a part of the path 'E:\office2pdf\OfficeToPdf\bin\Debug\netcoreapp3.1\files\6316f081e64e22b1d3b7d776.docx'.
2022-09-06 18:31:32.8458|INFO|OfficeToPdf.OfficeConverter|---------------没有找到目标路径------------------
2022-09-06 18:31:32.8458|INFO|OfficeToPdf.Program|接受文件信息：{"FileName":"test.docx","FileId":"6316f081e64e22b1d3b7d776","Md5":"9fc9427d73ffc5656792b7239b132eb6","Length":66889,"UploadDateTime":"2022-09-06T07:02:26.081Z"}
2022-09-06 18:31:44.8571|INFO|OfficeToPdf.Program|RabbitMQ连接成功。
2022-09-06 18:31:44.8797|INFO|OfficeToPdf.Program|RabbitMQ消息接收中...
2022-09-06 18:32:10.4893|INFO|OfficeToPdf.OfficeConverter|文件原路径：E:\office2pdf\OfficeToPdf\bin\Debug\netcoreapp3.1\files\6316f081e64e22b1d3b7d776.docx
2022-09-06 18:32:10.4893|INFO|OfficeToPdf.OfficeConverter|文件目标路径：E:\office2pdf\OfficeToPdf\bin\Debug\netcoreapp3.1\files\6316f081e64e22b1d3b7d776.pdf
2022-09-06 18:32:11.0487|INFO|OfficeToPdf.OfficeConverter|stream.length:66889
2022-09-06 18:32:11.0724|ERROR|OfficeToPdf.OfficeConverter|读取源文件到本地失败：Could not find a part of the path 'E:\office2pdf\OfficeToPdf\bin\Debug\netcoreapp3.1\files\6316f081e64e22b1d3b7d776.docx'.
2022-09-06 18:32:11.0724|INFO|OfficeToPdf.OfficeConverter|---------------没有找到目标路径------------------
2022-09-06 18:32:11.0951|INFO|OfficeToPdf.Program|接受文件信息：{"FileName":"test.docx","FileId":"6316f081e64e22b1d3b7d776","Md5":"9fc9427d73ffc5656792b7239b132eb6","Length":66889,"UploadDateTime":"2022-09-06T07:02:26.081Z"}
2022-09-06 18:32:44.3364|INFO|OfficeToPdf.OfficeConverter|文件原路径：E:\office2pdf\OfficeToPdf\bin\Debug\netcoreapp3.1\files\6316f081e64e22b1d3b7d776.docx
2022-09-06 18:32:44.3364|INFO|OfficeToPdf.OfficeConverter|文件目标路径：E:\office2pdf\OfficeToPdf\bin\Debug\netcoreapp3.1\files\6316f081e64e22b1d3b7d776.pdf
2022-09-06 18:32:48.1272|INFO|OfficeToPdf.OfficeConverter|stream.length:66889
2022-09-06 18:32:48.1423|ERROR|OfficeToPdf.OfficeConverter|读取源文件到本地失败：Could not find a part of the path 'E:\office2pdf\OfficeToPdf\bin\Debug\netcoreapp3.1\files\6316f081e64e22b1d3b7d776.docx'.
2022-09-06 18:32:49.8453|INFO|OfficeToPdf.OfficeConverter|---------------没有找到目标路径------------------
2022-09-06 18:32:49.8453|INFO|OfficeToPdf.Program|接受文件信息：{"FileName":"test.docx","FileId":"6316f081e64e22b1d3b7d776","Md5":"9fc9427d73ffc5656792b7239b132eb6","Length":66889,"UploadDateTime":"2022-09-06T07:02:26.081Z"}
2022-09-06 18:33:06.1335|INFO|OfficeToPdf.OfficeConverter|文件原路径：E:\office2pdf\OfficeToPdf\bin\Debug\netcoreapp3.1\files\6316f081e64e22b1d3b7d776.docx
2022-09-06 18:33:06.1335|INFO|OfficeToPdf.OfficeConverter|文件目标路径：E:\office2pdf\OfficeToPdf\bin\Debug\netcoreapp3.1\files\6316f081e64e22b1d3b7d776.pdf
2022-09-06 18:33:27.5867|INFO|OfficeToPdf.OfficeConverter|stream.length:66889
2022-09-06 18:34:51.1202|INFO|OfficeToPdf.Program|RabbitMQ连接成功。
2022-09-06 18:34:51.1520|INFO|OfficeToPdf.Program|RabbitMQ消息接收中...
2022-09-06 18:34:51.7043|INFO|OfficeToPdf.OfficeConverter|文件原路径：E:\office2pdf\OfficeToPdf\bin\Debug\netcoreapp3.1\6316f081e64e22b1d3b7d776.docx
2022-09-06 18:34:51.7043|INFO|OfficeToPdf.OfficeConverter|文件目标路径：E:\office2pdf\OfficeToPdf\bin\Debug\netcoreapp3.1\6316f081e64e22b1d3b7d776.pdf
2022-09-06 18:35:07.3868|INFO|OfficeToPdf.OfficeConverter|stream.length:66889
2022-09-06 18:37:08.9564|INFO|OfficeToPdf.OfficeConverter|读取源文件到本地成功
2022-09-06 18:37:15.4484|ERROR|OfficeToPdf.OfficeConverter|Error Message:系统找不到指定的文件。,StackTrace:   at System.Diagnostics.Process.StartWithCreateProcess(ProcessStartInfo startInfo)
   at System.Diagnostics.Process.Start()
   at System.Diagnostics.Process.Start(ProcessStartInfo startInfo)
   at OfficeToPdf.OfficeConverter.OnWork(Messages message) in E:\office2pdf\OfficeToPdf\OfficeConverter.cs:line 205
2022-09-06 18:37:21.5349|INFO|OfficeToPdf.OfficeConverter|---------------没有找到目标路径------------------
2022-09-06 18:37:21.5662|INFO|OfficeToPdf.Program|接受文件信息：{"FileName":"test.docx","FileId":"6316f081e64e22b1d3b7d776","Md5":"9fc9427d73ffc5656792b7239b132eb6","Length":66889,"UploadDateTime":"2022-09-06T07:02:26.081Z"}
2022-09-06 18:37:49.8704|INFO|OfficeToPdf.OfficeConverter|文件原路径：E:\office2pdf\OfficeToPdf\bin\Debug\netcoreapp3.1\6316f081e64e22b1d3b7d776.docx
2022-09-06 18:37:49.8704|INFO|OfficeToPdf.OfficeConverter|文件目标路径：E:\office2pdf\OfficeToPdf\bin\Debug\netcoreapp3.1\6316f081e64e22b1d3b7d776.pdf
2022-09-06 18:37:53.7341|INFO|OfficeToPdf.OfficeConverter|stream.length:66889
2022-09-06 18:38:50.2701|INFO|OfficeToPdf.OfficeConverter|读取源文件到本地成功
2022-09-06 18:39:10.9847|ERROR|OfficeToPdf.OfficeConverter|Error Message:系统找不到指定的文件。,StackTrace:   at System.Diagnostics.Process.StartWithCreateProcess(ProcessStartInfo startInfo)
   at System.Diagnostics.Process.Start()
   at System.Diagnostics.Process.Start(ProcessStartInfo startInfo)
   at OfficeToPdf.OfficeConverter.OnWork(Messages message) in E:\office2pdf\OfficeToPdf\OfficeConverter.cs:line 205
2022-09-06 18:39:10.9864|INFO|OfficeToPdf.OfficeConverter|---------------没有找到目标路径------------------
2022-09-06 18:39:10.9864|INFO|OfficeToPdf.Program|接受文件信息：{"FileName":"test.docx","FileId":"6316f081e64e22b1d3b7d776","Md5":"9fc9427d73ffc5656792b7239b132eb6","Length":66889,"UploadDateTime":"2022-09-06T07:02:26.081Z"}
2022-09-06 18:39:34.2082|INFO|OfficeToPdf.Program|RabbitMQ连接成功。
2022-09-06 18:39:34.2321|INFO|OfficeToPdf.Program|RabbitMQ消息接收中...
2022-09-06 18:39:37.8925|INFO|OfficeToPdf.OfficeConverter|文件原路径：E:\office2pdf\OfficeToPdf\bin\Debug\netcoreapp3.1\files\6316f081e64e22b1d3b7d776.docx
2022-09-06 18:39:37.8925|INFO|OfficeToPdf.OfficeConverter|文件目标路径：E:\office2pdf\OfficeToPdf\bin\Debug\netcoreapp3.1\files\6316f081e64e22b1d3b7d776.pdf
2022-09-06 18:40:00.0692|INFO|OfficeToPdf.OfficeConverter|stream.length:66889
2022-09-06 18:40:18.1540|INFO|OfficeToPdf.Program|RabbitMQ连接成功。
2022-09-06 18:40:18.1822|INFO|OfficeToPdf.Program|RabbitMQ消息接收中...
2022-09-06 18:40:18.7303|INFO|OfficeToPdf.OfficeConverter|文件原路径：E:\office2pdf\OfficeToPdf\bin\Debug\netcoreapp3.1\files\6316f081e64e22b1d3b7d776.docx
2022-09-06 18:40:18.7303|INFO|OfficeToPdf.OfficeConverter|文件目标路径：E:\office2pdf\OfficeToPdf\bin\Debug\netcoreapp3.1\files\6316f081e64e22b1d3b7d776.pdf
2022-09-06 18:40:27.3673|INFO|OfficeToPdf.OfficeConverter|stream.length:66889
2022-09-06 18:40:29.3748|INFO|OfficeToPdf.OfficeConverter|读取源文件到本地成功
2022-09-06 18:40:30.4962|ERROR|OfficeToPdf.OfficeConverter|Error Message:系统找不到指定的文件。,StackTrace:   at System.Diagnostics.Process.StartWithCreateProcess(ProcessStartInfo startInfo)
   at System.Diagnostics.Process.Start()
   at System.Diagnostics.Process.Start(ProcessStartInfo startInfo)
   at OfficeToPdf.OfficeConverter.OnWork(Messages message) in E:\office2pdf\OfficeToPdf\OfficeConverter.cs:line 205
2022-09-06 18:40:30.4962|INFO|OfficeToPdf.OfficeConverter|---------------没有找到目标路径------------------
2022-09-06 18:40:30.5186|INFO|OfficeToPdf.Program|接受文件信息：{"FileName":"test.docx","FileId":"6316f081e64e22b1d3b7d776","Md5":"9fc9427d73ffc5656792b7239b132eb6","Length":66889,"UploadDateTime":"2022-09-06T07:02:26.081Z"}
2022-09-06 18:40:40.0468|INFO|OfficeToPdf.OfficeConverter|文件原路径：E:\office2pdf\OfficeToPdf\bin\Debug\netcoreapp3.1\files\6316f081e64e22b1d3b7d776.docx
2022-09-06 18:40:40.0492|INFO|OfficeToPdf.OfficeConverter|文件目标路径：E:\office2pdf\OfficeToPdf\bin\Debug\netcoreapp3.1\files\6316f081e64e22b1d3b7d776.pdf
2022-09-06 18:40:52.3295|INFO|OfficeToPdf.OfficeConverter|stream.length:66889
2022-09-06 18:40:58.3130|INFO|OfficeToPdf.OfficeConverter|读取源文件到本地成功
2022-09-06 18:41:09.0653|ERROR|OfficeToPdf.OfficeConverter|Error Message:系统找不到指定的文件。,StackTrace:   at System.Diagnostics.Process.StartWithCreateProcess(ProcessStartInfo startInfo)
   at System.Diagnostics.Process.Start()
   at System.Diagnostics.Process.Start(ProcessStartInfo startInfo)
   at OfficeToPdf.OfficeConverter.OnWork(Messages message) in E:\office2pdf\OfficeToPdf\OfficeConverter.cs:line 205
2022-09-06 18:42:38.7754|INFO|OfficeToPdf.OfficeConverter|---------------没有找到目标路径------------------
2022-09-06 18:42:38.8015|INFO|OfficeToPdf.Program|接受文件信息：{"FileName":"test.docx","FileId":"6316f081e64e22b1d3b7d776","Md5":"9fc9427d73ffc5656792b7239b132eb6","Length":66889,"UploadDateTime":"2022-09-06T07:02:26.081Z"}
